
2022/12/29 16:06:32 [32m/home/ducdt/go/pkg/mod/gorm.io/driver/mysql@v1.0.4/mysql.go:54
[0m[32m[info] [0mreplacing callback `gorm:update` from /home/ducdt/go/pkg/mod/gorm.io/driver/mysql@v1.0.4/mysql.go:54

2022/12/29 16:06:32 [32m/home/ducdt/go/src/github.com/ducdang91/go-gqlgen-dataloader/migration/migration.go:10
[0m[33m[1.070ms] [34;1m[rows:-][0m SELECT DATABASE()

2022/12/29 16:06:32 [32m/home/ducdt/go/src/github.com/ducdang91/go-gqlgen-dataloader/migration/migration.go:10
[0m[33m[2.110ms] [34;1m[rows:-][0m SELECT count(*) FROM information_schema.tables WHERE table_schema = 'test_db' AND table_name = 'user' AND table_type = 'BASE TABLE'

2022/12/29 16:06:32 [32m/home/ducdt/go/pkg/mod/gorm.io/driver/mysql@v1.0.4/migrator.go:194
[0m[33m[0.734ms] [34;1m[rows:-][0m SELECT DATABASE()

2022/12/29 16:06:32 [32m/home/ducdt/go/pkg/mod/gorm.io/driver/mysql@v1.0.4/migrator.go:203
[0m[33m[10.364ms] [34;1m[rows:-][0m SELECT column_name, is_nullable, data_type, character_maximum_length, numeric_precision, numeric_scale , datetime_precision FROM information_schema.columns WHERE table_schema = 'test_db' AND table_name = 'user'

2022/12/29 16:06:32 [32m/home/ducdt/go/src/github.com/ducdang91/go-gqlgen-dataloader/migration/migration.go:10
[0m[33m[1.082ms] [34;1m[rows:-][0m SELECT DATABASE()

2022/12/29 16:06:32 [32m/home/ducdt/go/src/github.com/ducdang91/go-gqlgen-dataloader/migration/migration.go:10
[0m[33m[2.316ms] [34;1m[rows:-][0m SELECT count(*) FROM information_schema.tables WHERE table_schema = 'test_db' AND table_name = 'transaction' AND table_type = 'BASE TABLE'

2022/12/29 16:06:32 [32m/home/ducdt/go/pkg/mod/gorm.io/driver/mysql@v1.0.4/migrator.go:194
[0m[33m[0.779ms] [34;1m[rows:-][0m SELECT DATABASE()

2022/12/29 16:06:32 [32m/home/ducdt/go/pkg/mod/gorm.io/driver/mysql@v1.0.4/migrator.go:203
[0m[33m[2.867ms] [34;1m[rows:-][0m SELECT column_name, is_nullable, data_type, character_maximum_length, numeric_precision, numeric_scale , datetime_precision FROM information_schema.columns WHERE table_schema = 'test_db' AND table_name = 'transaction'

2022/12/29 16:06:32 [32m/home/ducdt/go/src/github.com/ducdang91/go-gqlgen-dataloader/migration/migration.go:10
[0m[33m[0.677ms] [34;1m[rows:-][0m SELECT DATABASE()

2022/12/29 16:06:32 [32m/home/ducdt/go/src/github.com/ducdang91/go-gqlgen-dataloader/migration/migration.go:10
[0m[33m[3.942ms] [34;1m[rows:-][0m SELECT count(*) FROM INFORMATION_SCHEMA.table_constraints WHERE constraint_schema = 'test_db' AND table_name = 'transaction' AND constraint_name = 'fk_transaction_user'

2022/12/29 16:06:32 [32m/home/ducdt/go/src/github.com/ducdang91/go-gqlgen-dataloader/migration/migration.go:10
[0m[33m[1.095ms] [34;1m[rows:-][0m SELECT DATABASE()

2022/12/29 16:06:32 [32m/home/ducdt/go/src/github.com/ducdang91/go-gqlgen-dataloader/migration/migration.go:10
[0m[33m[2.030ms] [34;1m[rows:-][0m SELECT count(*) FROM information_schema.tables WHERE table_schema = 'test_db' AND table_name = 'transaction_detail' AND table_type = 'BASE TABLE'

2022/12/29 16:06:32 [32m/home/ducdt/go/pkg/mod/gorm.io/driver/mysql@v1.0.4/migrator.go:194
[0m[33m[0.650ms] [34;1m[rows:-][0m SELECT DATABASE()

2022/12/29 16:06:32 [32m/home/ducdt/go/pkg/mod/gorm.io/driver/mysql@v1.0.4/migrator.go:203
[0m[33m[1.992ms] [34;1m[rows:-][0m SELECT column_name, is_nullable, data_type, character_maximum_length, numeric_precision, numeric_scale , datetime_precision FROM information_schema.columns WHERE table_schema = 'test_db' AND table_name = 'transaction_detail'

2022/12/29 16:06:32 [32m/home/ducdt/go/src/github.com/ducdang91/go-gqlgen-dataloader/migration/migration.go:10
[0m[33m[0.586ms] [34;1m[rows:-][0m SELECT DATABASE()

2022/12/29 16:06:32 [32m/home/ducdt/go/src/github.com/ducdang91/go-gqlgen-dataloader/migration/migration.go:10
[0m[33m[1.278ms] [34;1m[rows:-][0m SELECT count(*) FROM INFORMATION_SCHEMA.table_constraints WHERE constraint_schema = 'test_db' AND table_name = 'transaction_detail' AND constraint_name = 'fk_transaction_detail_transaction'

2022/12/29 16:06:32 [32m/home/ducdt/go/src/github.com/ducdang91/go-gqlgen-dataloader/migration/migration.go:10
[0m[33m[0.810ms] [34;1m[rows:-][0m SELECT DATABASE()

2022/12/29 16:06:32 [32m/home/ducdt/go/src/github.com/ducdang91/go-gqlgen-dataloader/migration/migration.go:10
[0m[33m[2.293ms] [34;1m[rows:-][0m SELECT count(*) FROM INFORMATION_SCHEMA.table_constraints WHERE constraint_schema = 'test_db' AND table_name = 'transaction_detail' AND constraint_name = 'fk_transaction_transaction_details'

2022/12/29 16:06:35 [32m/home/ducdt/go/src/github.com/ducdang91/go-gqlgen-dataloader/service/user.go:30
[0m[33m[2.533ms] [34;1m[rows:1][0m SELECT * FROM `user`

2022/12/29 16:06:35 [32m/home/ducdt/go/src/github.com/ducdang91/go-gqlgen-dataloader/service/transaction.go:60
[0m[33m[50.896ms] [34;1m[rows:62][0m SELECT * FROM `transaction` WHERE user_id IN (1)

2022/12/29 16:06:36 [32m/home/ducdt/go/src/github.com/ducdang91/go-gqlgen-dataloader/service/transaction_detail.go:35
[0m[33m[283.074ms] [34;1m[rows:6231][0m SELECT * FROM `transaction_detail` WHERE transaction_id IN (25,63,26,27,14,15,16,28,17,18,19,29,20,30,21,31,22,32,23,13,24,2,3,33,56,4,57,5,58,6,55,59,7,52,60,61,53,62,8,9,54,10,50,48,11,49,12,34,44,45,43,42,46,37,35,41,47,38,40,36,39,51)
